<?xml version="1.0" encoding="UTF-8"?>
<testng-results ignored="0" total="1" passed="1" failed="0" skipped="0">
  <reporter-output>
  </reporter-output>
  <suite started-at="2025-04-05T07:48:19 IST" name="Default suite" finished-at="2025-04-05T07:48:30 IST" duration-ms="11823">
    <groups>
    </groups>
    <test started-at="2025-04-05T07:48:19 IST" name="Default test" finished-at="2025-04-05T07:48:30 IST" duration-ms="11823">
      <class name="LoginTest.Login">
        <test-method signature="login()[pri:0, instance:LoginTest.Login@2a7f1f10]" started-at="2025-04-05T07:48:19 IST" name="login" finished-at="2025-04-05T07:48:30 IST" duration-ms="11760" status="PASS">
          <reporter-output>
          </reporter-output>
        </test-method> <!-- login -->
      </class> <!-- LoginTest.Login -->
    </test> <!-- Default test -->
  </suite> <!-- Default suite -->
</testng-results>
